[
  {
    "line": 1,
    "elements": [
      {
        "before": [
          {
            "result": {
              "duration": 12343863200,
              "status": "passed"
            },
            "match": {
              "location": "Hooks.openBrowser()"
            }
          }
        ],
        "line": 16,
        "name": "Verify User should not login successfully with incorrect credentials",
        "description": "",
        "id": "login-functionality;verify-user-should-not-login-successfully-with-incorrect-credentials;;2",
        "after": [
          {
            "result": {
              "duration": 1338845200,
              "status": "passed"
            },
            "match": {
              "location": "Hooks.tearDown(Scenario)"
            }
          }
        ],
        "type": "scenario",
        "keyword": "Scenario Outline",
        "steps": [
          {
            "result": {
              "duration": 103644200,
              "status": "passed"
            },
            "line": 7,
            "name": "I am on home page",
            "match": {
              "location": "MyStepdefs.iAmOnHomePage()"
            },
            "keyword": "Given "
          },
          {
            "result": {
              "duration": 61854800900,
              "status": "passed"
            },
            "line": 8,
            "name": "I click on Login page",
            "match": {
              "location": "MyStepdefs.iClickOnLoginPage()"
            },
            "keyword": "And "
          },
          {
            "result": {
              "duration": 120106050100,
              "error_message": "org.openqa.selenium.NoSuchElementException: no such element: Unable to locate element: {\"method\":\"css selector\",\"selector\":\"#field\\-username\"}\n  (Session info: chrome\u003d83.0.4103.61)\nFor documentation on this error, please visit: https://www.seleniumhq.org/exceptions/no_such_element.html\nBuild info: version: \u00273.141.59\u0027, revision: \u0027e82be7d358\u0027, time: \u00272018-11-14T08:17:03\u0027\nSystem info: host: \u0027DESKTOP-O8EH5PF\u0027, ip: \u0027192.168.1.3\u0027, os.name: \u0027Windows 10\u0027, os.arch: \u0027amd64\u0027, os.version: \u002710.0\u0027, java.version: \u00271.8.0_121\u0027\nDriver info: org.openqa.selenium.chrome.ChromeDriver\nCapabilities {acceptInsecureCerts: false, browserName: chrome, browserVersion: 83.0.4103.61, chrome: {chromedriverVersion: 83.0.4103.39 (ccbf011cb2d2b..., userDataDir: C:\\Users\\rakul\\AppData\\Loca...}, goog:chromeOptions: {debuggerAddress: localhost:53919}, javascriptEnabled: true, networkConnectionEnabled: false, pageLoadStrategy: normal, platform: WINDOWS, platformName: WINDOWS, proxy: Proxy(), setWindowRect: true, strictFileInteractability: false, timeouts: {implicit: 0, pageLoad: 300000, script: 30000}, unhandledPromptBehavior: dismiss and notify, webauthn:virtualAuthenticators: true}\nSession ID: 1337d77e4f44c68d837d8c2ce4cff37b\n*** Element info: {Using\u003did, value\u003dfield-username}\r\n\tat sun.reflect.NativeConstructorAccessorImpl.newInstance0(Native Method)\r\n\tat sun.reflect.NativeConstructorAccessorImpl.newInstance(NativeConstructorAccessorImpl.java:62)\r\n\tat sun.reflect.DelegatingConstructorAccessorImpl.newInstance(DelegatingConstructorAccessorImpl.java:45)\r\n\tat java.lang.reflect.Constructor.newInstance(Constructor.java:423)\r\n\tat org.openqa.selenium.remote.http.W3CHttpResponseCodec.createException(W3CHttpResponseCodec.java:187)\r\n\tat org.openqa.selenium.remote.http.W3CHttpResponseCodec.decode(W3CHttpResponseCodec.java:122)\r\n\tat org.openqa.selenium.remote.http.W3CHttpResponseCodec.decode(W3CHttpResponseCodec.java:49)\r\n\tat org.openqa.selenium.remote.HttpCommandExecutor.execute(HttpCommandExecutor.java:158)\r\n\tat org.openqa.selenium.remote.service.DriverCommandExecutor.execute(DriverCommandExecutor.java:83)\r\n\tat org.openqa.selenium.remote.RemoteWebDriver.execute(RemoteWebDriver.java:552)\r\n\tat org.openqa.selenium.remote.RemoteWebDriver.findElement(RemoteWebDriver.java:323)\r\n\tat org.openqa.selenium.remote.RemoteWebDriver.findElementById(RemoteWebDriver.java:372)\r\n\tat org.openqa.selenium.By$ById.findElement(By.java:188)\r\n\tat org.openqa.selenium.remote.RemoteWebDriver.findElement(RemoteWebDriver.java:315)\r\n\tat org.openqa.selenium.support.pagefactory.DefaultElementLocator.findElement(DefaultElementLocator.java:69)\r\n\tat org.openqa.selenium.support.pagefactory.internal.LocatingElementHandler.invoke(LocatingElementHandler.java:38)\r\n\tat com.sun.proxy.$Proxy18.sendKeys(Unknown Source)\r\n\tat com.virgingames.utility.Utility.sendTextToElement(Utility.java:60)\r\n\tat com.virgingames.pages.LoginPage.enterUserName(LoginPage.java:30)\r\n\tat com.virgingames.cucumber.mysteps.MyStepdefs.iEnterInUsernameField(MyStepdefs.java:26)\r\n\tat ✽.When I enter \"Lamee\" in username field(src/test/java/com/virgingames/resources/featurefile/login.feature:9)\r\n",
              "status": "failed"
            },
            "line": 9,
            "name": "I enter \"Lamee\" in username field",
            "match": {
              "arguments": [
                {
                  "val": "Lamee",
                  "offset": 9
                }
              ],
              "location": "MyStepdefs.iEnterInUsernameField(String)"
            },
            "matchedColumns": [
              0
            ],
            "keyword": "When "
          },
          {
            "result": {
              "status": "skipped"
            },
            "line": 10,
            "name": "I enter \"lameethev1988\" in password field",
            "match": {
              "arguments": [
                {
                  "val": "lameethev1988",
                  "offset": 9
                }
              ],
              "location": "MyStepdefs.iEnterInPasswordField(String)"
            },
            "matchedColumns": [
              1
            ],
            "keyword": "And "
          },
          {
            "result": {
              "status": "skipped"
            },
            "line": 11,
            "name": "I click on login button",
            "match": {
              "location": "MyStepdefs.iClickOnLoginButton()"
            },
            "keyword": "And "
          },
          {
            "result": {
              "status": "skipped"
            },
            "line": 12,
            "name": "I should not login to system successfully and shows \"Please try again, your username/email or password has not been recognised\"",
            "match": {
              "arguments": [
                {
                  "val": "Please try again, your username/email or password has not been recognised",
                  "offset": 53
                }
              ],
              "location": "MyStepdefs.iShouldNotLoginToSystemSuccessfullyAndShows(String)"
            },
            "matchedColumns": [
              2
            ],
            "keyword": "Then "
          }
        ]
      },
      {
        "before": [
          {
            "result": {
              "duration": 11392718400,
              "status": "passed"
            },
            "match": {
              "location": "Hooks.openBrowser()"
            }
          }
        ],
        "line": 17,
        "name": "Verify User should not login successfully with incorrect credentials",
        "description": "",
        "id": "login-functionality;verify-user-should-not-login-successfully-with-incorrect-credentials;;3",
        "after": [
          {
            "result": {
              "duration": 2146064600,
              "status": "passed"
            },
            "match": {
              "location": "Hooks.tearDown(Scenario)"
            }
          }
        ],
        "type": "scenario",
        "keyword": "Scenario Outline",
        "steps": [
          {
            "result": {
              "duration": 21100,
              "status": "passed"
            },
            "line": 7,
            "name": "I am on home page",
            "match": {
              "location": "MyStepdefs.iAmOnHomePage()"
            },
            "keyword": "Given "
          },
          {
            "result": {
              "duration": 66507763700,
              "status": "passed"
            },
            "line": 8,
            "name": "I click on Login page",
            "match": {
              "location": "MyStepdefs.iClickOnLoginPage()"
            },
            "keyword": "And "
          },
          {
            "result": {
              "duration": 120038111800,
              "error_message": "org.openqa.selenium.NoSuchElementException: no such element: Unable to locate element: {\"method\":\"css selector\",\"selector\":\"#field\\-username\"}\n  (Session info: chrome\u003d83.0.4103.61)\nFor documentation on this error, please visit: https://www.seleniumhq.org/exceptions/no_such_element.html\nBuild info: version: \u00273.141.59\u0027, revision: \u0027e82be7d358\u0027, time: \u00272018-11-14T08:17:03\u0027\nSystem info: host: \u0027DESKTOP-O8EH5PF\u0027, ip: \u0027192.168.1.3\u0027, os.name: \u0027Windows 10\u0027, os.arch: \u0027amd64\u0027, os.version: \u002710.0\u0027, java.version: \u00271.8.0_121\u0027\nDriver info: org.openqa.selenium.chrome.ChromeDriver\nCapabilities {acceptInsecureCerts: false, browserName: chrome, browserVersion: 83.0.4103.61, chrome: {chromedriverVersion: 83.0.4103.39 (ccbf011cb2d2b..., userDataDir: C:\\Users\\rakul\\AppData\\Loca...}, goog:chromeOptions: {debuggerAddress: localhost:54198}, javascriptEnabled: true, networkConnectionEnabled: false, pageLoadStrategy: normal, platform: WINDOWS, platformName: WINDOWS, proxy: Proxy(), setWindowRect: true, strictFileInteractability: false, timeouts: {implicit: 0, pageLoad: 300000, script: 30000}, unhandledPromptBehavior: dismiss and notify, webauthn:virtualAuthenticators: true}\nSession ID: 66057bfb7fb086ce4c0939872f92a009\n*** Element info: {Using\u003did, value\u003dfield-username}\r\n\tat sun.reflect.NativeConstructorAccessorImpl.newInstance0(Native Method)\r\n\tat sun.reflect.NativeConstructorAccessorImpl.newInstance(NativeConstructorAccessorImpl.java:62)\r\n\tat sun.reflect.DelegatingConstructorAccessorImpl.newInstance(DelegatingConstructorAccessorImpl.java:45)\r\n\tat java.lang.reflect.Constructor.newInstance(Constructor.java:423)\r\n\tat org.openqa.selenium.remote.http.W3CHttpResponseCodec.createException(W3CHttpResponseCodec.java:187)\r\n\tat org.openqa.selenium.remote.http.W3CHttpResponseCodec.decode(W3CHttpResponseCodec.java:122)\r\n\tat org.openqa.selenium.remote.http.W3CHttpResponseCodec.decode(W3CHttpResponseCodec.java:49)\r\n\tat org.openqa.selenium.remote.HttpCommandExecutor.execute(HttpCommandExecutor.java:158)\r\n\tat org.openqa.selenium.remote.service.DriverCommandExecutor.execute(DriverCommandExecutor.java:83)\r\n\tat org.openqa.selenium.remote.RemoteWebDriver.execute(RemoteWebDriver.java:552)\r\n\tat org.openqa.selenium.remote.RemoteWebDriver.findElement(RemoteWebDriver.java:323)\r\n\tat org.openqa.selenium.remote.RemoteWebDriver.findElementById(RemoteWebDriver.java:372)\r\n\tat org.openqa.selenium.By$ById.findElement(By.java:188)\r\n\tat org.openqa.selenium.remote.RemoteWebDriver.findElement(RemoteWebDriver.java:315)\r\n\tat org.openqa.selenium.support.pagefactory.DefaultElementLocator.findElement(DefaultElementLocator.java:69)\r\n\tat org.openqa.selenium.support.pagefactory.internal.LocatingElementHandler.invoke(LocatingElementHandler.java:38)\r\n\tat com.sun.proxy.$Proxy18.sendKeys(Unknown Source)\r\n\tat com.virgingames.utility.Utility.sendTextToElement(Utility.java:60)\r\n\tat com.virgingames.pages.LoginPage.enterUserName(LoginPage.java:30)\r\n\tat com.virgingames.cucumber.mysteps.MyStepdefs.iEnterInUsernameField(MyStepdefs.java:26)\r\n\tat ✽.When I enter \"Thenu\" in username field(src/test/java/com/virgingames/resources/featurefile/login.feature:9)\r\n",
              "status": "failed"
            },
            "line": 9,
            "name": "I enter \"Thenu\" in username field",
            "match": {
              "arguments": [
                {
                  "val": "Thenu",
                  "offset": 9
                }
              ],
              "location": "MyStepdefs.iEnterInUsernameField(String)"
            },
            "matchedColumns": [
              0
            ],
            "keyword": "When "
          },
          {
            "result": {
              "status": "skipped"
            },
            "line": 10,
            "name": "I enter \"thenuthev2000\" in password field",
            "match": {
              "arguments": [
                {
                  "val": "thenuthev2000",
                  "offset": 9
                }
              ],
              "location": "MyStepdefs.iEnterInPasswordField(String)"
            },
            "matchedColumns": [
              1
            ],
            "keyword": "And "
          },
          {
            "result": {
              "status": "skipped"
            },
            "line": 11,
            "name": "I click on login button",
            "match": {
              "location": "MyStepdefs.iClickOnLoginButton()"
            },
            "keyword": "And "
          },
          {
            "result": {
              "status": "skipped"
            },
            "line": 12,
            "name": "I should not login to system successfully and shows \"Please try again, your username/email or password has not been recognised\"",
            "match": {
              "arguments": [
                {
                  "val": "Please try again, your username/email or password has not been recognised",
                  "offset": 53
                }
              ],
              "location": "MyStepdefs.iShouldNotLoginToSystemSuccessfullyAndShows(String)"
            },
            "matchedColumns": [
              2
            ],
            "keyword": "Then "
          }
        ]
      },
      {
        "before": [
          {
            "result": {
              "duration": 13051107300,
              "status": "passed"
            },
            "match": {
              "location": "Hooks.openBrowser()"
            }
          }
        ],
        "line": 18,
        "name": "Verify User should not login successfully with incorrect credentials",
        "description": "",
        "id": "login-functionality;verify-user-should-not-login-successfully-with-incorrect-credentials;;4",
        "after": [
          {
            "result": {
              "duration": 1601942200,
              "status": "passed"
            },
            "match": {
              "location": "Hooks.tearDown(Scenario)"
            }
          }
        ],
        "type": "scenario",
        "keyword": "Scenario Outline",
        "steps": [
          {
            "result": {
              "duration": 37400,
              "status": "passed"
            },
            "line": 7,
            "name": "I am on home page",
            "match": {
              "location": "MyStepdefs.iAmOnHomePage()"
            },
            "keyword": "Given "
          },
          {
            "result": {
              "duration": 62425294600,
              "status": "passed"
            },
            "line": 8,
            "name": "I click on Login page",
            "match": {
              "location": "MyStepdefs.iClickOnLoginPage()"
            },
            "keyword": "And "
          },
          {
            "result": {
              "duration": 120102721300,
              "error_message": "org.openqa.selenium.NoSuchElementException: no such element: Unable to locate element: {\"method\":\"css selector\",\"selector\":\"#field\\-username\"}\n  (Session info: chrome\u003d83.0.4103.61)\nFor documentation on this error, please visit: https://www.seleniumhq.org/exceptions/no_such_element.html\nBuild info: version: \u00273.141.59\u0027, revision: \u0027e82be7d358\u0027, time: \u00272018-11-14T08:17:03\u0027\nSystem info: host: \u0027DESKTOP-O8EH5PF\u0027, ip: \u0027192.168.1.3\u0027, os.name: \u0027Windows 10\u0027, os.arch: \u0027amd64\u0027, os.version: \u002710.0\u0027, java.version: \u00271.8.0_121\u0027\nDriver info: org.openqa.selenium.chrome.ChromeDriver\nCapabilities {acceptInsecureCerts: false, browserName: chrome, browserVersion: 83.0.4103.61, chrome: {chromedriverVersion: 83.0.4103.39 (ccbf011cb2d2b..., userDataDir: C:\\Users\\rakul\\AppData\\Loca...}, goog:chromeOptions: {debuggerAddress: localhost:54420}, javascriptEnabled: true, networkConnectionEnabled: false, pageLoadStrategy: normal, platform: WINDOWS, platformName: WINDOWS, proxy: Proxy(), setWindowRect: true, strictFileInteractability: false, timeouts: {implicit: 0, pageLoad: 300000, script: 30000}, unhandledPromptBehavior: dismiss and notify, webauthn:virtualAuthenticators: true}\nSession ID: b3c6b826d6ed05aba3deb7a269f693bf\n*** Element info: {Using\u003did, value\u003dfield-username}\r\n\tat sun.reflect.NativeConstructorAccessorImpl.newInstance0(Native Method)\r\n\tat sun.reflect.NativeConstructorAccessorImpl.newInstance(NativeConstructorAccessorImpl.java:62)\r\n\tat sun.reflect.DelegatingConstructorAccessorImpl.newInstance(DelegatingConstructorAccessorImpl.java:45)\r\n\tat java.lang.reflect.Constructor.newInstance(Constructor.java:423)\r\n\tat org.openqa.selenium.remote.http.W3CHttpResponseCodec.createException(W3CHttpResponseCodec.java:187)\r\n\tat org.openqa.selenium.remote.http.W3CHttpResponseCodec.decode(W3CHttpResponseCodec.java:122)\r\n\tat org.openqa.selenium.remote.http.W3CHttpResponseCodec.decode(W3CHttpResponseCodec.java:49)\r\n\tat org.openqa.selenium.remote.HttpCommandExecutor.execute(HttpCommandExecutor.java:158)\r\n\tat org.openqa.selenium.remote.service.DriverCommandExecutor.execute(DriverCommandExecutor.java:83)\r\n\tat org.openqa.selenium.remote.RemoteWebDriver.execute(RemoteWebDriver.java:552)\r\n\tat org.openqa.selenium.remote.RemoteWebDriver.findElement(RemoteWebDriver.java:323)\r\n\tat org.openqa.selenium.remote.RemoteWebDriver.findElementById(RemoteWebDriver.java:372)\r\n\tat org.openqa.selenium.By$ById.findElement(By.java:188)\r\n\tat org.openqa.selenium.remote.RemoteWebDriver.findElement(RemoteWebDriver.java:315)\r\n\tat org.openqa.selenium.support.pagefactory.DefaultElementLocator.findElement(DefaultElementLocator.java:69)\r\n\tat org.openqa.selenium.support.pagefactory.internal.LocatingElementHandler.invoke(LocatingElementHandler.java:38)\r\n\tat com.sun.proxy.$Proxy18.sendKeys(Unknown Source)\r\n\tat com.virgingames.utility.Utility.sendTextToElement(Utility.java:60)\r\n\tat com.virgingames.pages.LoginPage.enterUserName(LoginPage.java:30)\r\n\tat com.virgingames.cucumber.mysteps.MyStepdefs.iEnterInUsernameField(MyStepdefs.java:26)\r\n\tat ✽.When I enter \"Raj\" in username field(src/test/java/com/virgingames/resources/featurefile/login.feature:9)\r\n",
              "status": "failed"
            },
            "line": 9,
            "name": "I enter \"Raj\" in username field",
            "match": {
              "arguments": [
                {
                  "val": "Raj",
                  "offset": 9
                }
              ],
              "location": "MyStepdefs.iEnterInUsernameField(String)"
            },
            "matchedColumns": [
              0
            ],
            "keyword": "When "
          },
          {
            "result": {
              "status": "skipped"
            },
            "line": 10,
            "name": "I enter \"rajthev5000\" in password field",
            "match": {
              "arguments": [
                {
                  "val": "rajthev5000",
                  "offset": 9
                }
              ],
              "location": "MyStepdefs.iEnterInPasswordField(String)"
            },
            "matchedColumns": [
              1
            ],
            "keyword": "And "
          },
          {
            "result": {
              "status": "skipped"
            },
            "line": 11,
            "name": "I click on login button",
            "match": {
              "location": "MyStepdefs.iClickOnLoginButton()"
            },
            "keyword": "And "
          },
          {
            "result": {
              "status": "skipped"
            },
            "line": 12,
            "name": "I should not login to system successfully and shows \"Please try again, your username/email or password has not been recognised\"",
            "match": {
              "arguments": [
                {
                  "val": "Please try again, your username/email or password has not been recognised",
                  "offset": 53
                }
              ],
              "location": "MyStepdefs.iShouldNotLoginToSystemSuccessfullyAndShows(String)"
            },
            "matchedColumns": [
              2
            ],
            "keyword": "Then "
          }
        ]
      }
    ],
    "name": "Login functionality",
    "description": "As A User\r\nI Want to login to virgin games website\r\nSo I can Login to website",
    "id": "login-functionality",
    "keyword": "Feature",
    "uri": "src/test/java/com/virgingames/resources/featurefile/login.feature"
  }
]